<?xml version="1.0" encoding="UTF-8"?>
<!-- Generated by org.testng.reporters.JUnitXMLReporter -->
<testsuite ignored="0" hostname="MSI" failures="1" tests="1" name="Default test" time="34.3" errors="0" timestamp="2024-02-14T07:40:41 IST">
  <testcase classname="io.cucumber.testng.AbstractTestNGCucumberTests" name="runScenario" time="33.549">
    <failure type="java.lang.NullPointerException" message="Cannot invoke &amp;quot;org.openqa.selenium.WebElement.findElement(org.openqa.selenium.By)&amp;quot; because &amp;quot;prod&amp;quot; is null">
      <![CDATA[java.lang.NullPointerException: Cannot invoke "org.openqa.selenium.WebElement.findElement(org.openqa.selenium.By)" because "prod" is null
at AmazonFrameworkdesign.pageobjects.ProductCatalogue.addProductToCart(ProductCatalogue.java:56)
at AmazonFrameworkdesign.stepDefinition.StepDefinitionImpl.I_add_product_to_cart(StepDefinitionImpl.java:45)
at ✽.I add product "ZARA COAT 3" to Cart(file:///C:/Users/ANAND%20SHARMA/eclipse-workspace/Frameworkdesign/src/test/java/cucumber/SubmitOrder.feature:13)
]]>
    </failure>
  </testcase> <!-- runScenario -->
</testsuite> <!-- Default test -->
