<?xml version="1.0" encoding="UTF-8"?>
<!-- Generated by org.testng.reporters.JUnitReportReporter -->
<testsuite hostname="MSI" failures="0" tests="1" name="cucumber.TestNGTestRunner" time="30.955" errors="1" timestamp="2024-02-14T08:04:13 IST" skipped="0">
  <testcase classname="cucumber.TestNGTestRunner" name="runScenario" time="30.955">
    <error message="Cannot invoke &quot;org.openqa.selenium.WebElement.findElement(org.openqa.selenium.By)&quot; because &quot;prod&quot; is null" type="java.lang.NullPointerException">
      <![CDATA[java.lang.NullPointerException: Cannot invoke "org.openqa.selenium.WebElement.findElement(org.openqa.selenium.By)" because "prod" is null
at AmazonFrameworkdesign.pageobjects.ProductCatalogue.addProductToCart(ProductCatalogue.java:56)
at AmazonFrameworkdesign.stepDefinition.StepDefinitionImpl.I_add_product_to_cart(StepDefinitionImpl.java:45)
at ✽.I add product "ZARA COAT 3" to Cart(file:///C:/Users/ANAND%20SHARMA/eclipse-workspace/Frameworkdesign/src/test/java/cucumber/SubmitOrder.feature:13)
]]>
    </error>
  </testcase> <!-- runScenario -->
  <system-out/>
</testsuite> <!-- cucumber.TestNGTestRunner -->
